Added Component: Designator=OLED1(OLED_0.96)
Added Pin To Net: NetName=NetC10_2 Pin=OLED1-2
Added Pin To Net: NetName=NetC10_1 Pin=OLED1-3
Added Pin To Net: NetName=NetC11_2 Pin=OLED1-4
Added Pin To Net: NetName=NetC11_1 Pin=OLED1-5
Added Pin To Net: NetName=VCC3.3V Pin=OLED1-6
Added Pin To Net: NetName=GND Pin=OLED1-8
Added Pin To Net: NetName=VCC3.3V Pin=OLED1-9
Added Pin To Net: NetName=GND Pin=OLED1-10
Added Pin To Net: NetName=GND Pin=OLED1-11
Added Pin To Net: NetName=GND Pin=OLED1-12
Added Pin To Net: NetName=GND Pin=OLED1-13
Added Pin To Net: NetName=OLED RST Pin=OLED1-14
Added Pin To Net: NetName=OLED DC Pin=OLED1-15
Added Pin To Net: NetName=GND Pin=OLED1-16
Added Pin To Net: NetName=GND Pin=OLED1-17
Added Pin To Net: NetName=OLED D0 Pin=OLED1-18
Added Pin To Net: NetName=OLED D1 Pin=OLED1-19
Added Pin To Net: NetName=GND Pin=OLED1-21
Added Pin To Net: NetName=GND Pin=OLED1-22
Added Pin To Net: NetName=GND Pin=OLED1-23
Added Pin To Net: NetName=GND Pin=OLED1-24
Added Pin To Net: NetName=GND Pin=OLED1-25
Added Pin To Net: NetName=NetOLED1_26 Pin=OLED1-26
Added Pin To Net: NetName=NetC9_2 Pin=OLED1-27
Added Pin To Net: NetName=NetC8_2 Pin=OLED1-28
Added Pin To Net: NetName=GND Pin=OLED1-29
Added Member To Class: ClassName=Ïû·À±³±í Member=Component OLED1 OLED12864
