Change Component DesignItemId : Designator=U1 Old DesignItemId=CC254 New DesignItemId=CC2541V7
Change Component DesignItemId : Designator=U2 Old DesignItemId=E32- New DesignItemId=E32-433
Change Component DesignItemId : Designator=U3 Old DesignItemId=SI4 New DesignItemId=SI4463
Change Component DesignItemId : Designator=U9 Old DesignItemId=W New DesignItemId=WTN6
Change Component Description : Designator=U7 Old Description=500mA, Low-Noise LDO Voltage Regula New Description=500mA, Low-Noise LDO Voltage Regulator
Change Component Description : Designator=Y1 Old Description=Crystal Oscilla New Description=Crystal Oscillator
Change Component Description : Designator=P1 Old Description=Header, 3- New Description=Header, 3-Pin
Change Component Description : Designator=P2 Old Description=Header, 4- New Description=Header, 4-Pin
Change Component Description : Designator=U6 Old Description=STM32 ARM-based 32-bit MCU with 32 Kbytes Flash, 48-pin LQFP, Industrial Tempe New Description=STM32 ARM-based 32-bit MCU with 32 Kbytes Flash, 48-pin LQFP, Industrial Temperature
Change Component Description : Designator=U5 Old Description=TP4 New Description=TP4056
Change Component Description : Designator=LED2 Old Description=Typical Chip New Description=Typical Chip LED
Change Component Description : Designator=LED1 Old Description=Typical INFRARED GaAs New Description=Typical INFRARED GaAs LED
Change Component Description : Designator=LED3 Old Description=Typical INFRARED GaAs New Description=Typical INFRARED GaAs LED
Added Component: Designator=C1(0603_C)
Added Component: Designator=C2(0603_C)
Added Component: Designator=C3(0603_C)
Added Component: Designator=C4(0603_C)
Added Component: Designator=C5(0603_C)
Added Component: Designator=C6(0603_C)
Added Component: Designator=C16(0603_C)
Added Component: Designator=C17(0603_C)
Added Component: Designator=C18(0603_C)
Added Component: Designator=C19(0603_C)
Added Component: Designator=C20(0603_C)
Added Component: Designator=C21(0603_C)
Added Component: Designator=C22(0603_C)
Added Component: Designator=C23(0603_C)
Added Component: Designator=C24(0603_C)
Added Component: Designator=C25(0603_C)
Added Component: Designator=C26(0603_C)
Added Component: Designator=C27(0603_C)
Added Component: Designator=C28(0603_C)
Added Component: Designator=C29(0603_C)
Added Component: Designator=C30(0603_C)
Added Component: Designator=C31(0603_C)
Added Component: Designator=C32(0603_C)
Added Component: Designator=C33(0603_C)
Added Component: Designator=C34(0603_C)
Added Component: Designator=C35(0603_C)
Added Component: Designator=C36(0603_C)
Added Component: Designator=C39(0603_C)
Added Component: Designator=C40(0603_C)
Added Component: Designator=C42(0603_C)
Added Component: Designator=N3(SOT23-3)
Added Component: Designator=Q1(SOT-23(SOT-23-3))
Added Component: Designator=R1(0603_R)
Added Component: Designator=R2(0603_R)
Added Component: Designator=R3(0603_R)
Added Component: Designator=R4(0603_R)
Added Component: Designator=R5(0603_R)
Added Component: Designator=R6(0603_R)
Added Component: Designator=R7(0603_R)
Added Component: Designator=R8(0603_R)
Added Component: Designator=R9(0603_R)
Added Component: Designator=R10(0603_R)
Added Component: Designator=R11(0603_R)
Added Component: Designator=R12(0603_R)
Added Component: Designator=R13(0603_R)
Added Component: Designator=R14(0603_R)
Added Component: Designator=R15(0603_R)
Added Component: Designator=R16(0603_R)
Added Component: Designator=R17(0603_R)
Added Component: Designator=R18(0603_R)
Added Component: Designator=R19(0603_R)
Added Component: Designator=R20(0603_R)
Added Component: Designator=R21(0603_R)
Added Component: Designator=R30(0603_R)
Added Component: Designator=R31(0603_R)
Added Component: Designator=R32(0603_R)
Added Component: Designator=U4(SOT23-5)
Added Component: Designator=VR1(SOT-23-3L)
Added Pin To Net: NetName=VDD3.3 Pin=C1-1
Added Pin To Net: NetName=KEY_ADC Pin=C1-2
Added Pin To Net: NetName=GND Pin=C2-1
Added Pin To Net: NetName=VCC_BAT Pin=C2-2
Added Pin To Net: NetName=GND Pin=C3-1
Added Pin To Net: NetName=VCC_BAT Pin=C3-2
Added Pin To Net: NetName=GND Pin=C4-1
Added Pin To Net: NetName=VCC_BAT Pin=C4-2
Added Pin To Net: NetName=VCC3.3V Pin=C5-1
Added Pin To Net: NetName=GND Pin=C5-2
Added Pin To Net: NetName=VCC3.3V Pin=C6-1
Added Pin To Net: NetName=GND Pin=C6-2
Added Pin To Net: NetName=GND Pin=C16-1
Added Pin To Net: NetName=NetC16_2 Pin=C16-2
Added Pin To Net: NetName=GND Pin=C17-1
Added Pin To Net: NetName=NetC17_2 Pin=C17-2
Added Pin To Net: NetName=NetC18_1 Pin=C18-1
Added Pin To Net: NetName=NetC18_2 Pin=C18-2
Added Pin To Net: NetName=NetC19_1 Pin=C19-1
Added Pin To Net: NetName=NetC19_2 Pin=C19-2
Added Pin To Net: NetName=GND Pin=C20-1
Added Pin To Net: NetName=VCC3.3V Pin=C20-2
Added Pin To Net: NetName=GND Pin=C21-1
Added Pin To Net: NetName=VCC3.3V Pin=C21-2
Added Pin To Net: NetName=GND Pin=C22-1
Added Pin To Net: NetName=VCC_BAT Pin=C22-2
Added Pin To Net: NetName=GND Pin=C23-1
Added Pin To Net: NetName=VCC_BAT Pin=C23-2
Added Pin To Net: NetName=GND Pin=C24-1
Added Pin To Net: NetName=VDD3.3 Pin=C24-2
Added Pin To Net: NetName=GND Pin=C25-1
Added Pin To Net: NetName=VDD3.3 Pin=C25-2
Added Pin To Net: NetName=GND Pin=C26-1
Added Pin To Net: NetName=VCC_BAT Pin=C26-2
Added Pin To Net: NetName=GND Pin=C27-1
Added Pin To Net: NetName=VCC Pin=C27-2
Added Pin To Net: NetName=GND Pin=C28-1
Added Pin To Net: NetName=VCC_BAT Pin=C28-2
Added Pin To Net: NetName=GND Pin=C29-1
Added Pin To Net: NetName=NetC29_2 Pin=C29-2
Added Pin To Net: NetName=GND Pin=C30-1
Added Pin To Net: NetName=VCC3.3V Pin=C30-2
Added Pin To Net: NetName=GND Pin=C31-1
Added Pin To Net: NetName=VDD3.3 Pin=C31-2
Added Pin To Net: NetName=GND Pin=C32-1
Added Pin To Net: NetName=VDD3.3 Pin=C32-2
Added Pin To Net: NetName=GND Pin=C33-1
Added Pin To Net: NetName=VDD3.3 Pin=C33-2
Added Pin To Net: NetName=GND Pin=C34-1
Added Pin To Net: NetName=VDD3.3 Pin=C34-2
Added Pin To Net: NetName=GND Pin=C35-1
Added Pin To Net: NetName=NetC35_2 Pin=C35-2
Added Pin To Net: NetName=NetC36_1 Pin=C36-1
Added Pin To Net: NetName=GND Pin=C36-2
Added Pin To Net: NetName=VCC3.3V Pin=C39-1
Added Pin To Net: NetName=GND Pin=C39-2
Added Pin To Net: NetName=NetC40_1 Pin=C40-1
Added Pin To Net: NetName=GND Pin=C40-2
Added Pin To Net: NetName=GND Pin=C42-1
Added Pin To Net: NetName=VCC3.3V Pin=C42-2
Added Pin To Net: NetName=NetN3_1 Pin=N3-1
Added Pin To Net: NetName=VCC_BAT Pin=N3-2
Added Pin To Net: NetName=NetN3_3 Pin=N3-3
Added Pin To Net: NetName=NetQ1_1 Pin=Q1-1
Added Pin To Net: NetName=GND Pin=Q1-2
Added Pin To Net: NetName=NetN3_1 Pin=Q1-3
Added Pin To Net: NetName=KEY_ADC Pin=R1-1
Added Pin To Net: NetName=VDD3.3 Pin=R1-2
Added Pin To Net: NetName=GND Pin=R2-1
Added Pin To Net: NetName=NetR2_2 Pin=R2-2
Added Pin To Net: NetName=GND Pin=R3-1
Added Pin To Net: NetName=NetR3_2 Pin=R3-2
Added Pin To Net: NetName=GND Pin=R4-1
Added Pin To Net: NetName=NetR4_2 Pin=R4-2
Added Pin To Net: NetName=NetR5_1 Pin=R5-1
Added Pin To Net: NetName=GND Pin=R5-2
Added Pin To Net: NetName=OUT+ Pin=R6-1
Added Pin To Net: NetName=NetR5_1 Pin=R6-2
Added Pin To Net: NetName=OUT- Pin=R7-1
Added Pin To Net: NetName=NetR7_2 Pin=R7-2
Added Pin To Net: NetName=GND Pin=R8-1
Added Pin To Net: NetName=NetR8_2 Pin=R8-2
Added Pin To Net: NetName=GND Pin=R9-1
Added Pin To Net: NetName=NetR9_2 Pin=R9-2
Added Pin To Net: NetName=NetR7_2 Pin=R10-1
Added Pin To Net: NetName=Air_ADC Pin=R10-2
Added Pin To Net: NetName=LED_RED Pin=R11-1
Added Pin To Net: NetName=NetLED1_3 Pin=R11-2
Added Pin To Net: NetName=GND Pin=R12-1
Added Pin To Net: NetName=NetOLED1_26 Pin=R12-2
Added Pin To Net: NetName=LED_YELLOW Pin=R13-1
Added Pin To Net: NetName=NetLED1_2 Pin=R13-2
Added Pin To Net: NetName=LED_BLUE Pin=R14-1
Added Pin To Net: NetName=NetLED2_1 Pin=R14-2
Added Pin To Net: NetName=Batt_ADC Pin=R15-1
Added Pin To Net: NetName=NetN3_3 Pin=R15-2
Added Pin To Net: NetName=GND Pin=R16-1
Added Pin To Net: NetName=Batt_ADC Pin=R16-2
Added Pin To Net: NetName=NetR17_1 Pin=R17-1
Added Pin To Net: NetName=NetLED3_2 Pin=R17-2
Added Pin To Net: NetName=NetR18_1 Pin=R18-1
Added Pin To Net: NetName=NetLED3_3 Pin=R18-2
Added Pin To Net: NetName=GND Pin=R19-1
Added Pin To Net: NetName=NetR19_2 Pin=R19-2
Added Pin To Net: NetName=NetR20_1 Pin=R20-1
Added Pin To Net: NetName=POWER_EN Pin=R20-2
Added Pin To Net: NetName=NetC35_2 Pin=R21-1
Added Pin To Net: NetName=VDD3.3 Pin=R21-2
Added Pin To Net: NetName=NetQ1_1 Pin=R30-1
Added Pin To Net: NetName=POWER_EN Pin=R30-2
Added Pin To Net: NetName=DS18B20_DQ Pin=R31-1
Added Pin To Net: NetName=VCC3.3V Pin=R31-2
Added Pin To Net: NetName=VCC_BAT Pin=R32-1
Added Pin To Net: NetName=NetN3_1 Pin=R32-2
Added Pin To Net: NetName=Air_ADC Pin=U4-1
Added Pin To Net: NetName=GND Pin=U4-2
Added Pin To Net: NetName=NetR5_1 Pin=U4-3
Added Pin To Net: NetName=NetR7_2 Pin=U4-4
Added Pin To Net: NetName=VCC3.3V Pin=U4-5
Added Pin To Net: NetName=GND Pin=VR1-1
Added Pin To Net: NetName=VDD3.3 Pin=VR1-2
Added Pin To Net: NetName=VCC_BAT Pin=VR1-3
Added Member To Class: ClassName=消防背表 Member=Component C1 100nF (104) 10% 50V
Added Member To Class: ClassName=消防背表 Member=Component C2 1uF (105) 10% 50V
Added Member To Class: ClassName=消防背表 Member=Component C3 10uF (106) 10% 10V
Added Member To Class: ClassName=消防背表 Member=Component C4 100nF (104) 10% 50V
Added Member To Class: ClassName=消防背表 Member=Component C5 100nF (104) 10% 50V
Added Member To Class: ClassName=消防背表 Member=Component C6 1uF (105) 10% 50V
Added Member To Class: ClassName=消防背表 Member=Component C16 1uF (105) 10% 50V
Added Member To Class: ClassName=消防背表 Member=Component C17 1uF (105) 10% 50V
Added Member To Class: ClassName=消防背表 Member=Component C18 100nF (104) 10% 50V
Added Member To Class: ClassName=消防背表 Member=Component C19 100nF (104) 10% 50V
Added Member To Class: ClassName=消防背表 Member=Component C20 100nF (104) 10% 50V
Added Member To Class: ClassName=消防背表 Member=Component C21 1uF (105) 10% 50V
Added Member To Class: ClassName=消防背表 Member=Component C22 100nF (104) 10% 50V
Added Member To Class: ClassName=消防背表 Member=Component C23 10uF (106) 10% 10V
Added Member To Class: ClassName=消防背表 Member=Component C24 4.7uF (475) 10% 16V
Added Member To Class: ClassName=消防背表 Member=Component C25 100nF (104) 10% 50V
Added Member To Class: ClassName=消防背表 Member=Component C26 10uF (106) 10% 10V
Added Member To Class: ClassName=消防背表 Member=Component C27 10uF (106) 10% 10V
Added Member To Class: ClassName=消防背表 Member=Component C28 4.7uF (475) 10% 16V
Added Member To Class: ClassName=消防背表 Member=Component C29 470pF (471) 10% 50V
Added Member To Class: ClassName=消防背表 Member=Component C30 100nF (104) 10% 50V
Added Member To Class: ClassName=消防背表 Member=Component C31 100nF (104) 10% 50V
Added Member To Class: ClassName=消防背表 Member=Component C32 100nF (104) 10% 50V
Added Member To Class: ClassName=消防背表 Member=Component C33 100nF (104) 10% 50V
Added Member To Class: ClassName=消防背表 Member=Component C34 100nF (104) 10% 50V
Added Member To Class: ClassName=消防背表 Member=Component C35 100nF (104) 10% 50V
Added Member To Class: ClassName=消防背表 Member=Component C36 22pF (220) 5% 50V
Added Member To Class: ClassName=消防背表 Member=Component C39 4.7uF (475) 10% 16V
Added Member To Class: ClassName=消防背表 Member=Component C40 22pF (220) 5% 50V
Added Member To Class: ClassName=消防背表 Member=Component C42 1uF (105) 10% 50V
Added Member To Class: ClassName=消防背表 Member=Component N3 P-MOS
Added Member To Class: ClassName=消防背表 Member=Component Q1 SS8050 Y1
Added Member To Class: ClassName=消防背表 Member=Component R1 10KΩ (1002) ±1%
Added Member To Class: ClassName=消防背表 Member=Component R2 100KΩ (1003) ±1%
Added Member To Class: ClassName=消防背表 Member=Component R3 20KΩ (2002) ±1%
Added Member To Class: ClassName=消防背表 Member=Component R4 10KΩ (1002) ±1%
Added Member To Class: ClassName=消防背表 Member=Component R5 620KΩ (6203) ±1%
Added Member To Class: ClassName=消防背表 Member=Component R6 10KΩ (1002) ±1%
Added Member To Class: ClassName=消防背表 Member=Component R7 10KΩ (1002) ±1%
Added Member To Class: ClassName=消防背表 Member=Component R8 5.1KΩ (5101) ±1%
Added Member To Class: ClassName=消防背表 Member=Component R9 2KΩ (2001) ±1%
Added Member To Class: ClassName=消防背表 Member=Component R10 560KΩ (5603) ±1%
Added Member To Class: ClassName=消防背表 Member=Component R11 1KΩ (1001) ±1%
Added Member To Class: ClassName=消防背表 Member=Component R12 390KΩ (3903) ±1%
Added Member To Class: ClassName=消防背表 Member=Component R13 1KΩ (1001) ±1%
Added Member To Class: ClassName=消防背表 Member=Component R14 1KΩ (1001) ±1%
Added Member To Class: ClassName=消防背表 Member=Component R15 10KΩ (1003) ±1%
Added Member To Class: ClassName=消防背表 Member=Component R16 10KΩ (1003) ±1%
Added Member To Class: ClassName=消防背表 Member=Component R17 1KΩ (1001) ±1%
Added Member To Class: ClassName=消防背表 Member=Component R18 1KΩ (1001) ±1%
Added Member To Class: ClassName=消防背表 Member=Component R19 2KΩ (2001) ±1%
Added Member To Class: ClassName=消防背表 Member=Component R20 1KΩ (1001) ±1%
Added Member To Class: ClassName=消防背表 Member=Component R21 10KΩ (1002) ±1%
Added Member To Class: ClassName=消防背表 Member=Component R30 10KΩ (1002) ±1%
Added Member To Class: ClassName=消防背表 Member=Component R31 4.7KΩ (1002) ±1%
Added Member To Class: ClassName=消防背表 Member=Component R32 4.7KΩ (1002) ±1%
Added Member To Class: ClassName=消防背表 Member=Component U4 MCP6001
Added Member To Class: ClassName=消防背表 Member=Component VR1 XC6206P332MR
